0000000000|00000000;27;60; META DATA SPIFFS_SysLogger                 
0000002376|2023/02/03 11:05:09.957549^ INFO  loop.225: running        
0000002377|2023/02/03 11:05:09.957549^ INFO  loop.225: running        
0000002378|2023/02/03 11:05:09.957549^ INFO  loop.225: running        
0000002379|2023/02/03 11:05:09.957549^ INFO  loop.225: running        
0000002380|2023/02/03 11:05:09.957549^ INFO  loop.225: running        
0000002381|[2023/02/07 10:08:40.113207] INFO  loop.225: 12345678901234
0000002382|[2023/02/07 10:08:50.453274] INFO  loop.225: 12345678901234
0000002383|[2023/02/07 10:08:52.298190] INFO  loop.225: 12345678901234
0000002384|[2023/02/07 10:08:54.343990] INFO  loop.225: 12345678901234
0000002385|[2023/02/07 10:09:35.406212] INFO  loop.225: 1             
0000002386|[2023/02/07 10:09:39.363811] INFO  loop.225: 2             
0000002387|[2023/02/07 10:09:42.368090] INFO  loop.225: 44            
0000002388|[2023/02/07 10:09:45.542435] INFO  loop.225: 6             
0000002389|[2023/02/07 10:17:31.240199] INFO  loop.225: 6             
0000002390|[2023/02/07 10:17:32.982542] INFO  loop.225: 6             
0000002391|[2023/02/07 10:17:33.800035] INFO  loop.225: 6             
0000002392|[2023/02/07 10:17:35.438408] INFO  loop.225: 6             
0000002393|[2023/02/07 10:17:36.257376] INFO  loop.225: 6             
0000002394|[2023/02/07 10:17:37.383917] INFO  loop.225: 6             
0000002368|2023/02/03 11:04:49.101666^ INFO  loop.225: running        
0000002369|2023/02/03 11:04:49.101666^ INFO  loop.225: running        
0000002370|2023/02/03 11:04:49.101666^ INFO  loop.225: running        
0000002371|2023/02/03 11:04:59.534677^ INFO  loop.225: running        
0000002372|2023/02/03 11:04:59.534677^ INFO  loop.225: running        
0000002373|2023/02/03 11:04:59.534677^ INFO  loop.225: running        
0000002374|2023/02/03 11:04:59.534677^ INFO  loop.225: running        
0000002375|2023/02/03 11:04:59.534677^ INFO  loop.225: running        
